<?xml version="1.0" encoding="UTF-8"?>
<testsuite xmlns:xsi="http://www.w3.org/2001/XMLSchema-instance" xsi:noNamespaceSchemaLocation="https://maven.apache.org/surefire/maven-surefire-plugin/xsd/surefire-test-report-3.0.xsd" version="3.0" name="diaballik.Coordinates.ActionCoordTest" time="0.063" tests="3" errors="0" skipped="0" failures="0">
  <properties>
    <property name="java.specification.version" value="13"/>
    <property name="sun.cpu.isalist" value="amd64"/>
    <property name="sun.jnu.encoding" value="Cp1252"/>
    <property name="java.class.path" value="C:\OCaml64\home\guyso\cpoo2\diabalikGPS\srcProjet\diaballik-backend\target\test-classes;C:\OCaml64\home\guyso\cpoo2\diabalikGPS\srcProjet\diaballik-backend\target\classes;C:\Users\guyso\.m2\repository\org\glassfish\jersey\core\jersey-client\2.29\jersey-client-2.29.jar;C:\Users\guyso\.m2\repository\jakarta\ws\rs\jakarta.ws.rs-api\2.1.5\jakarta.ws.rs-api-2.1.5.jar;C:\Users\guyso\.m2\repository\org\glassfish\jersey\core\jersey-common\2.29\jersey-common-2.29.jar;C:\Users\guyso\.m2\repository\jakarta\annotation\jakarta.annotation-api\1.3.4\jakarta.annotation-api-1.3.4.jar;C:\Users\guyso\.m2\repository\org\glassfish\hk2\osgi-resource-locator\1.0.3\osgi-resource-locator-1.0.3.jar;C:\Users\guyso\.m2\repository\com\sun\activation\jakarta.activation\1.2.1\jakarta.activation-1.2.1.jar;C:\Users\guyso\.m2\repository\org\glassfish\hk2\external\jakarta.inject\2.5.0\jakarta.inject-2.5.0.jar;C:\Users\guyso\.m2\repository\org\glassfish\jersey\containers\jersey-container-grizzly2-http\2.29\jersey-container-grizzly2-http-2.29.jar;C:\Users\guyso\.m2\repository\org\glassfish\grizzly\grizzly-http-server\2.4.4\grizzly-http-server-2.4.4.jar;C:\Users\guyso\.m2\repository\org\glassfish\grizzly\grizzly-http\2.4.4\grizzly-http-2.4.4.jar;C:\Users\guyso\.m2\repository\org\glassfish\grizzly\grizzly-framework\2.4.4\grizzly-framework-2.4.4.jar;C:\Users\guyso\.m2\repository\org\glassfish\jersey\core\jersey-server\2.29\jersey-server-2.29.jar;C:\Users\guyso\.m2\repository\org\glassfish\jersey\media\jersey-media-jaxb\2.29\jersey-media-jaxb-2.29.jar;C:\Users\guyso\.m2\repository\javax\validation\validation-api\2.0.1.Final\validation-api-2.0.1.Final.jar;C:\Users\guyso\.m2\repository\org\glassfish\jersey\media\jersey-media-moxy\2.29\jersey-media-moxy-2.29.jar;C:\Users\guyso\.m2\repository\org\glassfish\jersey\ext\jersey-entity-filtering\2.29\jersey-entity-filtering-2.29.jar;C:\Users\guyso\.m2\repository\jakarta\json\jakarta.json-api\1.1.5\jakarta.json-api-1.1.5.jar;C:\Users\guyso\.m2\repository\org\glassfish\jakarta.json\1.1.5\jakarta.json-1.1.5.jar;C:\Users\guyso\.m2\repository\org\eclipse\persistence\org.eclipse.persistence.moxy\2.7.4\org.eclipse.persistence.moxy-2.7.4.jar;C:\Users\guyso\.m2\repository\org\eclipse\persistence\org.eclipse.persistence.core\2.7.4\org.eclipse.persistence.core-2.7.4.jar;C:\Users\guyso\.m2\repository\org\eclipse\persistence\org.eclipse.persistence.asm\2.7.4\org.eclipse.persistence.asm-2.7.4.jar;C:\Users\guyso\.m2\repository\jakarta\xml\bind\jakarta.xml.bind-api\2.3.2\jakarta.xml.bind-api-2.3.2.jar;C:\Users\guyso\.m2\repository\jakarta\activation\jakarta.activation-api\1.2.1\jakarta.activation-api-1.2.1.jar;C:\Users\guyso\.m2\repository\org\glassfish\jersey\media\jersey-media-json-processing\2.29\jersey-media-json-processing-2.29.jar;C:\Users\guyso\.m2\repository\org\glassfish\jsonp-jaxrs\1.1.5\jsonp-jaxrs-1.1.5.jar;C:\Users\guyso\.m2\repository\org\glassfish\jersey\inject\jersey-hk2\2.29\jersey-hk2-2.29.jar;C:\Users\guyso\.m2\repository\org\glassfish\hk2\hk2-locator\2.5.0\hk2-locator-2.5.0.jar;C:\Users\guyso\.m2\repository\org\glassfish\hk2\external\aopalliance-repackaged\2.5.0\aopalliance-repackaged-2.5.0.jar;C:\Users\guyso\.m2\repository\org\glassfish\hk2\hk2-api\2.5.0\hk2-api-2.5.0.jar;C:\Users\guyso\.m2\repository\org\glassfish\hk2\hk2-utils\2.5.0\hk2-utils-2.5.0.jar;C:\Users\guyso\.m2\repository\org\javassist\javassist\3.22.0-CR2\javassist-3.22.0-CR2.jar;C:\Users\guyso\.m2\repository\javax\xml\bind\jaxb-api\2.3.1\jaxb-api-2.3.1.jar;C:\Users\guyso\.m2\repository\javax\activation\javax.activation-api\1.2.0\javax.activation-api-1.2.0.jar;C:\Users\guyso\.m2\repository\org\glassfish\jaxb\jaxb-runtime\2.3.1\jaxb-runtime-2.3.1.jar;C:\Users\guyso\.m2\repository\org\glassfish\jaxb\txw2\2.3.1\txw2-2.3.1.jar;C:\Users\guyso\.m2\repository\com\sun\istack\istack-commons-runtime\3.0.7\istack-commons-runtime-3.0.7.jar;C:\Users\guyso\.m2\repository\org\jvnet\staxex\stax-ex\1.8\stax-ex-1.8.jar;C:\Users\guyso\.m2\repository\com\sun\xml\fastinfoset\FastInfoset\1.2.15\FastInfoset-1.2.15.jar;C:\Users\guyso\.m2\repository\io\swagger\swagger-jersey2-jaxrs\1.5.22\swagger-jersey2-jaxrs-1.5.22.jar;C:\Users\guyso\.m2\repository\io\swagger\swagger-jaxrs\1.5.22\swagger-jaxrs-1.5.22.jar;C:\Users\guyso\.m2\repository\com\fasterxml\jackson\core\jackson-databind\2.9.8\jackson-databind-2.9.8.jar;C:\Users\guyso\.m2\repository\com\fasterxml\jackson\core\jackson-core\2.9.8\jackson-core-2.9.8.jar;C:\Users\guyso\.m2\repository\io\swagger\swagger-core\1.5.22\swagger-core-1.5.22.jar;C:\Users\guyso\.m2\repository\org\apache\commons\commons-lang3\3.2.1\commons-lang3-3.2.1.jar;C:\Users\guyso\.m2\repository\org\slf4j\slf4j-api\1.7.22\slf4j-api-1.7.22.jar;C:\Users\guyso\.m2\repository\com\fasterxml\jackson\core\jackson-annotations\2.9.8\jackson-annotations-2.9.8.jar;C:\Users\guyso\.m2\repository\com\fasterxml\jackson\dataformat\jackson-dataformat-yaml\2.9.8\jackson-dataformat-yaml-2.9.8.jar;C:\Users\guyso\.m2\repository\org\yaml\snakeyaml\1.23\snakeyaml-1.23.jar;C:\Users\guyso\.m2\repository\io\swagger\swagger-models\1.5.22\swagger-models-1.5.22.jar;C:\Users\guyso\.m2\repository\io\swagger\swagger-annotations\1.5.22\swagger-annotations-1.5.22.jar;C:\Users\guyso\.m2\repository\org\reflections\reflections\0.9.11\reflections-0.9.11.jar;C:\Users\guyso\.m2\repository\org\glassfish\jersey\containers\jersey-container-servlet-core\2.25.1\jersey-container-servlet-core-2.25.1.jar;C:\Users\guyso\.m2\repository\org\glassfish\hk2\external\javax.inject\2.5.0-b32\javax.inject-2.5.0-b32.jar;C:\Users\guyso\.m2\repository\javax\ws\rs\javax.ws.rs-api\2.0.1\javax.ws.rs-api-2.0.1.jar;C:\Users\guyso\.m2\repository\org\glassfish\jersey\media\jersey-media-multipart\2.25.1\jersey-media-multipart-2.25.1.jar;C:\Users\guyso\.m2\repository\org\jvnet\mimepull\mimepull\1.9.6\mimepull-1.9.6.jar;C:\Users\guyso\.m2\repository\javax\servlet\javax.servlet-api\4.0.1\javax.servlet-api-4.0.1.jar;C:\Users\guyso\.m2\repository\org\junit\jupiter\junit-jupiter-engine\5.5.1\junit-jupiter-engine-5.5.1.jar;C:\Users\guyso\.m2\repository\org\apiguardian\apiguardian-api\1.1.0\apiguardian-api-1.1.0.jar;C:\Users\guyso\.m2\repository\org\junit\platform\junit-platform-engine\1.5.1\junit-platform-engine-1.5.1.jar;C:\Users\guyso\.m2\repository\org\opentest4j\opentest4j\1.2.0\opentest4j-1.2.0.jar;C:\Users\guyso\.m2\repository\org\junit\platform\junit-platform-commons\1.5.1\junit-platform-commons-1.5.1.jar;C:\Users\guyso\.m2\repository\org\junit\jupiter\junit-jupiter-api\5.5.1\junit-jupiter-api-5.5.1.jar;C:\Users\guyso\.m2\repository\org\junit\jupiter\junit-jupiter-params\5.5.1\junit-jupiter-params-5.5.1.jar;C:\Users\guyso\.m2\repository\com\github\hanleyt\jersey-junit\2.0.0\jersey-junit-2.0.0.jar;C:\Users\guyso\.m2\repository\org\glassfish\jersey\test-framework\providers\jersey-test-framework-provider-grizzly2\2.29\jersey-test-framework-provider-grizzly2-2.29.jar;C:\Users\guyso\.m2\repository\jakarta\servlet\jakarta.servlet-api\4.0.2\jakarta.servlet-api-4.0.2.jar;C:\Users\guyso\.m2\repository\org\glassfish\jersey\test-framework\jersey-test-framework-core\2.29\jersey-test-framework-core-2.29.jar;C:\Users\guyso\.m2\repository\org\glassfish\jersey\containers\jersey-container-grizzly2-servlet\2.29\jersey-container-grizzly2-servlet-2.29.jar;C:\Users\guyso\.m2\repository\org\glassfish\jersey\containers\jersey-container-servlet\2.29\jersey-container-servlet-2.29.jar;C:\Users\guyso\.m2\repository\org\glassfish\grizzly\grizzly-http-servlet\2.4.4\grizzly-http-servlet-2.4.4.jar;C:\Users\guyso\.m2\repository\junit\junit\4.12\junit-4.12.jar;C:\Users\guyso\.m2\repository\org\hamcrest\hamcrest-core\1.3\hamcrest-core-1.3.jar;C:\Users\guyso\.m2\repository\org\mockito\mockito-core\3.0.0\mockito-core-3.0.0.jar;C:\Users\guyso\.m2\repository\net\bytebuddy\byte-buddy\1.9.10\byte-buddy-1.9.10.jar;C:\Users\guyso\.m2\repository\net\bytebuddy\byte-buddy-agent\1.9.10\byte-buddy-agent-1.9.10.jar;C:\Users\guyso\.m2\repository\org\objenesis\objenesis\2.6\objenesis-2.6.jar;C:\Users\guyso\.m2\repository\com\google\guava\guava\28.0-jre\guava-28.0-jre.jar;C:\Users\guyso\.m2\repository\com\google\guava\failureaccess\1.0.1\failureaccess-1.0.1.jar;C:\Users\guyso\.m2\repository\com\google\guava\listenablefuture\9999.0-empty-to-avoid-conflict-with-guava\listenablefuture-9999.0-empty-to-avoid-conflict-with-guava.jar;C:\Users\guyso\.m2\repository\com\google\code\findbugs\jsr305\3.0.2\jsr305-3.0.2.jar;C:\Users\guyso\.m2\repository\org\checkerframework\checker-qual\2.8.1\checker-qual-2.8.1.jar;C:\Users\guyso\.m2\repository\com\google\errorprone\error_prone_annotations\2.3.2\error_prone_annotations-2.3.2.jar;C:\Users\guyso\.m2\repository\com\google\j2objc\j2objc-annotations\1.3\j2objc-annotations-1.3.jar;C:\Users\guyso\.m2\repository\org\codehaus\mojo\animal-sniffer-annotations\1.17\animal-sniffer-annotations-1.17.jar;"/>
    <property name="java.vm.vendor" value="Oracle Corporation"/>
    <property name="sun.arch.data.model" value="64"/>
    <property name="user.variant" value=""/>
    <property name="java.vendor.url" value="https://java.oracle.com/"/>
    <property name="user.timezone" value="Europe/Paris"/>
    <property name="os.name" value="Windows 10"/>
    <property name="java.vm.specification.version" value="13"/>
    <property name="sun.java.launcher" value="SUN_STANDARD"/>
    <property name="user.country" value="FR"/>
    <property name="sun.boot.library.path" value="C:\Program Files\Java\jdk-13.0.1\bin"/>
    <property name="sun.java.command" value="C:\Users\guyso\AppData\Local\Temp\surefire10259883175308062283\surefirebooter7145549786466524662.jar C:\Users\guyso\AppData\Local\Temp\surefire10259883175308062283 2019-11-05T19-37-20_507-jvmRun1 surefire15900091635592324435tmp surefire_013714569956166847104tmp"/>
    <property name="jdk.debug" value="release"/>
    <property name="surefire.test.class.path" value="C:\OCaml64\home\guyso\cpoo2\diabalikGPS\srcProjet\diaballik-backend\target\test-classes;C:\OCaml64\home\guyso\cpoo2\diabalikGPS\srcProjet\diaballik-backend\target\classes;C:\Users\guyso\.m2\repository\org\glassfish\jersey\core\jersey-client\2.29\jersey-client-2.29.jar;C:\Users\guyso\.m2\repository\jakarta\ws\rs\jakarta.ws.rs-api\2.1.5\jakarta.ws.rs-api-2.1.5.jar;C:\Users\guyso\.m2\repository\org\glassfish\jersey\core\jersey-common\2.29\jersey-common-2.29.jar;C:\Users\guyso\.m2\repository\jakarta\annotation\jakarta.annotation-api\1.3.4\jakarta.annotation-api-1.3.4.jar;C:\Users\guyso\.m2\repository\org\glassfish\hk2\osgi-resource-locator\1.0.3\osgi-resource-locator-1.0.3.jar;C:\Users\guyso\.m2\repository\com\sun\activation\jakarta.activation\1.2.1\jakarta.activation-1.2.1.jar;C:\Users\guyso\.m2\repository\org\glassfish\hk2\external\jakarta.inject\2.5.0\jakarta.inject-2.5.0.jar;C:\Users\guyso\.m2\repository\org\glassfish\jersey\containers\jersey-container-grizzly2-http\2.29\jersey-container-grizzly2-http-2.29.jar;C:\Users\guyso\.m2\repository\org\glassfish\grizzly\grizzly-http-server\2.4.4\grizzly-http-server-2.4.4.jar;C:\Users\guyso\.m2\repository\org\glassfish\grizzly\grizzly-http\2.4.4\grizzly-http-2.4.4.jar;C:\Users\guyso\.m2\repository\org\glassfish\grizzly\grizzly-framework\2.4.4\grizzly-framework-2.4.4.jar;C:\Users\guyso\.m2\repository\org\glassfish\jersey\core\jersey-server\2.29\jersey-server-2.29.jar;C:\Users\guyso\.m2\repository\org\glassfish\jersey\media\jersey-media-jaxb\2.29\jersey-media-jaxb-2.29.jar;C:\Users\guyso\.m2\repository\javax\validation\validation-api\2.0.1.Final\validation-api-2.0.1.Final.jar;C:\Users\guyso\.m2\repository\org\glassfish\jersey\media\jersey-media-moxy\2.29\jersey-media-moxy-2.29.jar;C:\Users\guyso\.m2\repository\org\glassfish\jersey\ext\jersey-entity-filtering\2.29\jersey-entity-filtering-2.29.jar;C:\Users\guyso\.m2\repository\jakarta\json\jakarta.json-api\1.1.5\jakarta.json-api-1.1.5.jar;C:\Users\guyso\.m2\repository\org\glassfish\jakarta.json\1.1.5\jakarta.json-1.1.5.jar;C:\Users\guyso\.m2\repository\org\eclipse\persistence\org.eclipse.persistence.moxy\2.7.4\org.eclipse.persistence.moxy-2.7.4.jar;C:\Users\guyso\.m2\repository\org\eclipse\persistence\org.eclipse.persistence.core\2.7.4\org.eclipse.persistence.core-2.7.4.jar;C:\Users\guyso\.m2\repository\org\eclipse\persistence\org.eclipse.persistence.asm\2.7.4\org.eclipse.persistence.asm-2.7.4.jar;C:\Users\guyso\.m2\repository\jakarta\xml\bind\jakarta.xml.bind-api\2.3.2\jakarta.xml.bind-api-2.3.2.jar;C:\Users\guyso\.m2\repository\jakarta\activation\jakarta.activation-api\1.2.1\jakarta.activation-api-1.2.1.jar;C:\Users\guyso\.m2\repository\org\glassfish\jersey\media\jersey-media-json-processing\2.29\jersey-media-json-processing-2.29.jar;C:\Users\guyso\.m2\repository\org\glassfish\jsonp-jaxrs\1.1.5\jsonp-jaxrs-1.1.5.jar;C:\Users\guyso\.m2\repository\org\glassfish\jersey\inject\jersey-hk2\2.29\jersey-hk2-2.29.jar;C:\Users\guyso\.m2\repository\org\glassfish\hk2\hk2-locator\2.5.0\hk2-locator-2.5.0.jar;C:\Users\guyso\.m2\repository\org\glassfish\hk2\external\aopalliance-repackaged\2.5.0\aopalliance-repackaged-2.5.0.jar;C:\Users\guyso\.m2\repository\org\glassfish\hk2\hk2-api\2.5.0\hk2-api-2.5.0.jar;C:\Users\guyso\.m2\repository\org\glassfish\hk2\hk2-utils\2.5.0\hk2-utils-2.5.0.jar;C:\Users\guyso\.m2\repository\org\javassist\javassist\3.22.0-CR2\javassist-3.22.0-CR2.jar;C:\Users\guyso\.m2\repository\javax\xml\bind\jaxb-api\2.3.1\jaxb-api-2.3.1.jar;C:\Users\guyso\.m2\repository\javax\activation\javax.activation-api\1.2.0\javax.activation-api-1.2.0.jar;C:\Users\guyso\.m2\repository\org\glassfish\jaxb\jaxb-runtime\2.3.1\jaxb-runtime-2.3.1.jar;C:\Users\guyso\.m2\repository\org\glassfish\jaxb\txw2\2.3.1\txw2-2.3.1.jar;C:\Users\guyso\.m2\repository\com\sun\istack\istack-commons-runtime\3.0.7\istack-commons-runtime-3.0.7.jar;C:\Users\guyso\.m2\repository\org\jvnet\staxex\stax-ex\1.8\stax-ex-1.8.jar;C:\Users\guyso\.m2\repository\com\sun\xml\fastinfoset\FastInfoset\1.2.15\FastInfoset-1.2.15.jar;C:\Users\guyso\.m2\repository\io\swagger\swagger-jersey2-jaxrs\1.5.22\swagger-jersey2-jaxrs-1.5.22.jar;C:\Users\guyso\.m2\repository\io\swagger\swagger-jaxrs\1.5.22\swagger-jaxrs-1.5.22.jar;C:\Users\guyso\.m2\repository\com\fasterxml\jackson\core\jackson-databind\2.9.8\jackson-databind-2.9.8.jar;C:\Users\guyso\.m2\repository\com\fasterxml\jackson\core\jackson-core\2.9.8\jackson-core-2.9.8.jar;C:\Users\guyso\.m2\repository\io\swagger\swagger-core\1.5.22\swagger-core-1.5.22.jar;C:\Users\guyso\.m2\repository\org\apache\commons\commons-lang3\3.2.1\commons-lang3-3.2.1.jar;C:\Users\guyso\.m2\repository\org\slf4j\slf4j-api\1.7.22\slf4j-api-1.7.22.jar;C:\Users\guyso\.m2\repository\com\fasterxml\jackson\core\jackson-annotations\2.9.8\jackson-annotations-2.9.8.jar;C:\Users\guyso\.m2\repository\com\fasterxml\jackson\dataformat\jackson-dataformat-yaml\2.9.8\jackson-dataformat-yaml-2.9.8.jar;C:\Users\guyso\.m2\repository\org\yaml\snakeyaml\1.23\snakeyaml-1.23.jar;C:\Users\guyso\.m2\repository\io\swagger\swagger-models\1.5.22\swagger-models-1.5.22.jar;C:\Users\guyso\.m2\repository\io\swagger\swagger-annotations\1.5.22\swagger-annotations-1.5.22.jar;C:\Users\guyso\.m2\repository\org\reflections\reflections\0.9.11\reflections-0.9.11.jar;C:\Users\guyso\.m2\repository\org\glassfish\jersey\containers\jersey-container-servlet-core\2.25.1\jersey-container-servlet-core-2.25.1.jar;C:\Users\guyso\.m2\repository\org\glassfish\hk2\external\javax.inject\2.5.0-b32\javax.inject-2.5.0-b32.jar;C:\Users\guyso\.m2\repository\javax\ws\rs\javax.ws.rs-api\2.0.1\javax.ws.rs-api-2.0.1.jar;C:\Users\guyso\.m2\repository\org\glassfish\jersey\media\jersey-media-multipart\2.25.1\jersey-media-multipart-2.25.1.jar;C:\Users\guyso\.m2\repository\org\jvnet\mimepull\mimepull\1.9.6\mimepull-1.9.6.jar;C:\Users\guyso\.m2\repository\javax\servlet\javax.servlet-api\4.0.1\javax.servlet-api-4.0.1.jar;C:\Users\guyso\.m2\repository\org\junit\jupiter\junit-jupiter-engine\5.5.1\junit-jupiter-engine-5.5.1.jar;C:\Users\guyso\.m2\repository\org\apiguardian\apiguardian-api\1.1.0\apiguardian-api-1.1.0.jar;C:\Users\guyso\.m2\repository\org\junit\platform\junit-platform-engine\1.5.1\junit-platform-engine-1.5.1.jar;C:\Users\guyso\.m2\repository\org\opentest4j\opentest4j\1.2.0\opentest4j-1.2.0.jar;C:\Users\guyso\.m2\repository\org\junit\platform\junit-platform-commons\1.5.1\junit-platform-commons-1.5.1.jar;C:\Users\guyso\.m2\repository\org\junit\jupiter\junit-jupiter-api\5.5.1\junit-jupiter-api-5.5.1.jar;C:\Users\guyso\.m2\repository\org\junit\jupiter\junit-jupiter-params\5.5.1\junit-jupiter-params-5.5.1.jar;C:\Users\guyso\.m2\repository\com\github\hanleyt\jersey-junit\2.0.0\jersey-junit-2.0.0.jar;C:\Users\guyso\.m2\repository\org\glassfish\jersey\test-framework\providers\jersey-test-framework-provider-grizzly2\2.29\jersey-test-framework-provider-grizzly2-2.29.jar;C:\Users\guyso\.m2\repository\jakarta\servlet\jakarta.servlet-api\4.0.2\jakarta.servlet-api-4.0.2.jar;C:\Users\guyso\.m2\repository\org\glassfish\jersey\test-framework\jersey-test-framework-core\2.29\jersey-test-framework-core-2.29.jar;C:\Users\guyso\.m2\repository\org\glassfish\jersey\containers\jersey-container-grizzly2-servlet\2.29\jersey-container-grizzly2-servlet-2.29.jar;C:\Users\guyso\.m2\repository\org\glassfish\jersey\containers\jersey-container-servlet\2.29\jersey-container-servlet-2.29.jar;C:\Users\guyso\.m2\repository\org\glassfish\grizzly\grizzly-http-servlet\2.4.4\grizzly-http-servlet-2.4.4.jar;C:\Users\guyso\.m2\repository\junit\junit\4.12\junit-4.12.jar;C:\Users\guyso\.m2\repository\org\hamcrest\hamcrest-core\1.3\hamcrest-core-1.3.jar;C:\Users\guyso\.m2\repository\org\mockito\mockito-core\3.0.0\mockito-core-3.0.0.jar;C:\Users\guyso\.m2\repository\net\bytebuddy\byte-buddy\1.9.10\byte-buddy-1.9.10.jar;C:\Users\guyso\.m2\repository\net\bytebuddy\byte-buddy-agent\1.9.10\byte-buddy-agent-1.9.10.jar;C:\Users\guyso\.m2\repository\org\objenesis\objenesis\2.6\objenesis-2.6.jar;C:\Users\guyso\.m2\repository\com\google\guava\guava\28.0-jre\guava-28.0-jre.jar;C:\Users\guyso\.m2\repository\com\google\guava\failureaccess\1.0.1\failureaccess-1.0.1.jar;C:\Users\guyso\.m2\repository\com\google\guava\listenablefuture\9999.0-empty-to-avoid-conflict-with-guava\listenablefuture-9999.0-empty-to-avoid-conflict-with-guava.jar;C:\Users\guyso\.m2\repository\com\google\code\findbugs\jsr305\3.0.2\jsr305-3.0.2.jar;C:\Users\guyso\.m2\repository\org\checkerframework\checker-qual\2.8.1\checker-qual-2.8.1.jar;C:\Users\guyso\.m2\repository\com\google\errorprone\error_prone_annotations\2.3.2\error_prone_annotations-2.3.2.jar;C:\Users\guyso\.m2\repository\com\google\j2objc\j2objc-annotations\1.3\j2objc-annotations-1.3.jar;C:\Users\guyso\.m2\repository\org\codehaus\mojo\animal-sniffer-annotations\1.17\animal-sniffer-annotations-1.17.jar;"/>
    <property name="sun.cpu.endian" value="little"/>
    <property name="user.home" value="C:\Users\guyso"/>
    <property name="user.language" value="fr"/>
    <property name="java.specification.vendor" value="Oracle Corporation"/>
    <property name="java.version.date" value="2019-10-15"/>
    <property name="java.home" value="C:\Program Files\Java\jdk-13.0.1"/>
    <property name="file.separator" value="\"/>
    <property name="basedir" value="C:\OCaml64\home\guyso\cpoo2\diabalikGPS\srcProjet\diaballik-backend"/>
    <property name="java.vm.compressedOopsMode" value="32-bit"/>
    <property name="line.separator" value="&#10;"/>
    <property name="java.vm.specification.vendor" value="Oracle Corporation"/>
    <property name="java.specification.name" value="Java Platform API Specification"/>
    <property name="surefire.real.class.path" value="C:\Users\guyso\AppData\Local\Temp\surefire10259883175308062283\surefirebooter7145549786466524662.jar"/>
    <property name="user.script" value=""/>
    <property name="sun.management.compiler" value="HotSpot 64-Bit Tiered Compilers"/>
    <property name="java.runtime.version" value="13.0.1+9"/>
    <property name="user.name" value="guyso"/>
    <property name="path.separator" value=";"/>
    <property name="os.version" value="10.0"/>
    <property name="java.runtime.name" value="OpenJDK Runtime Environment"/>
    <property name="file.encoding" value="Cp1252"/>
    <property name="java.vm.name" value="OpenJDK 64-Bit Server VM"/>
    <property name="localRepository" value="C:\Users\guyso\.m2\repository"/>
    <property name="java.vendor.url.bug" value="https://bugreport.java.com/bugreport/"/>
    <property name="java.io.tmpdir" value="C:\Users\guyso\AppData\Local\Temp\"/>
    <property name="java.version" value="13.0.1"/>
    <property name="user.dir" value="C:\OCaml64\home\guyso\cpoo2\diabalikGPS\srcProjet\diaballik-backend"/>
    <property name="os.arch" value="amd64"/>
    <property name="java.vm.specification.name" value="Java Virtual Machine Specification"/>
    <property name="sun.os.patch.level" value=""/>
    <property name="idea.version2019.1.1" value="true"/>
    <property name="java.library.path" value="C:\Program Files\Java\jdk-13.0.1\bin;C:\WINDOWS\Sun\Java\bin;C:\WINDOWS\system32;C:\WINDOWS;C:\Program Files (x86)\Intel\Intel(R) Management Engine Components\iCLS\;C:\Program Files\Intel\Intel(R) Management Engine Components\iCLS\;C:\Program Files (x86)\Common Files\Oracle\Java\javapath;C:\windows\system32;C:\windows;C:\windows\System32\Wbem;C:\windows\System32\WindowsPowerShell\v1.0\;C:\Program Files (x86)\NVIDIA Corporation\PhysX\Common;C:\Program Files (x86)\Intel\Intel(R) Management Engine Components\DAL;C:\Program Files\Intel\Intel(R) Management Engine Components\DAL;C:\Program Files (x86)\Intel\Intel(R) Management Engine Components\IPT;C:\Program Files\Intel\Intel(R) Management Engine Components\IPT;%SystemRoot%\system32;%SystemRoot%;%SystemRoot%\System32\Wbem;%SYSTEMROOT%\System32\WindowsPowerShell\v1.0\;%SYSTEMROOT%\System32\OpenSSH\;C:\Program Files\doxygen\bin;C:\Users\guyso\AppData\Local\Microsoft\WindowsApps;;C:\Users\guyso\AppData\Local\Programs\Microsoft VS Code\bin;."/>
    <property name="java.vm.info" value="mixed mode, sharing"/>
    <property name="java.vendor" value="Oracle Corporation"/>
    <property name="java.vm.version" value="13.0.1+9"/>
    <property name="sun.io.unicode.encoding" value="UnicodeLittle"/>
    <property name="java.class.version" value="57.0"/>
  </properties>
  <testcase name="testInvert" classname="diaballik.Coordinates.ActionCoordTest" time="0.047"/>
  <testcase name="testGetSource" classname="diaballik.Coordinates.ActionCoordTest" time="0"/>
  <testcase name="testGetTarget" classname="diaballik.Coordinates.ActionCoordTest" time="0"/>
</testsuite>